2025-09-03 14:27:47 Server started on port 8080
2025-09-03 14:28:40 Aleksander has joined the chat
2025-09-03 14:28:40 Enter your name:
2025-09-03 14:28:52 Aleksander: Anton
2025-09-03 14:28:52 Aleksander: Anton
2025-09-03 14:28:59 Aleksander: jcvhvhv
2025-09-03 14:28:59 Aleksander: jcvhvhv
2025-09-03 14:32:11 Server started on port 8080
2025-09-03 14:32:57 Anton has joined the chat
2025-09-03 14:32:57 Enter your name:
2025-09-03 14:33:04 Igor has joined the chat
2025-09-03 14:33:04 Enter your name:
2025-09-03 14:33:35 Anton: Anton
2025-09-03 14:33:35 Anton: Anton
2025-09-03 14:33:47 Igor: Igor
2025-09-03 14:33:47 Igor: Igor
2025-09-10 16:51:31 Server started on port 8080
2025-09-10 16:51:58 Alexsandr has joined the chat
2025-09-10 16:51:58 Alexsandr has joined the chat
2025-09-10 16:52:24 Alexsandr: All HI
2025-09-10 16:52:24 Alexsandr: All HI
2025-09-10 16:52:24 Alexsandr: All HI
